<?xml version="1.0" encoding="UTF-8"?>
<!-- Generated by org.testng.reporters.JUnitXMLReporter -->
<testsuite ignored="3" hostname="Vinuthas-MacBook-Pro.local" failures="0" tests="3" name="Api flow" time="0.003" errors="0" timestamp="2022-12-15T07:36:49 IST">
  <testcase classname="TestNG.ApiJourney" name="getCartAPI" time="0.0"/>
  <testcase classname="TestNG.ApiJourney" name="getLoginAPI" time="0.0"/>
  <testcase classname="TestNG.ApiJourney" name="getShippingAddressAPI" time="0.0"/>
  <testcase classname="TestNG.ApiJourney" name="putLoginAPI" time="0.0">
    <ignored/>
  </testcase> <!-- putLoginAPI -->
  <testcase classname="TestNG.ApiJourney" name="postLoginAPI" time="0.0">
    <ignored/>
  </testcase> <!-- postLoginAPI -->
  <testcase classname="TestNG.ApiJourney" name="deleteLoginAPI" time="0.0">
    <ignored/>
  </testcase> <!-- deleteLoginAPI -->
</testsuite> <!-- Api flow -->
