<?xml version="1.0" encoding="UTF-8"?>
<!-- Generated by org.testng.reporters.JUnitXMLReporter -->
<testsuite ignored="1" hostname="Vinuthas-MacBook-Pro.local" failures="0" tests="11" name="Browse flow" time="1.697" errors="0" timestamp="2022-12-15T07:36:50 IST">
  <testcase classname="TestNG.BrowseJourney" name="browseProducts" time="0.0"/>
  <testcase classname="TestNG.BrowseJourney" name="login" time="0.0"/>
  <testcase classname="TestNG.BrowseJourney" name="login" time="0.0"/>
  <testcase classname="TestNG.BrowseJourney" name="login" time="0.0"/>
  <testcase classname="TestNG.BrowseJourney" name="openBrowser" time="1.659"/>
  <testcase classname="TestNG.BrowseJourney" name="addProductsToCart" time="0.002"/>
  <testcase classname="TestNG.BrowseJourney" name="logout" time="0.001"/>
  <testcase classname="TestNG.MyAccountJourney" name="myOrdersPage" time="0.001"/>
  <testcase classname="TestNG.MyAccountJourney" name="resetPassword" time="0.0"/>
  <testcase classname="TestNG.MyAccountJourney" name="validateAccountDetails" time="0.0"/>
  <testcase classname="TestNG.BrowseJourney" name="searchProducts" time="0.0"/>
  <testcase classname="TestNG.BrowseJourney" name="navigateToHomePage" time="0.0">
    <ignored/>
  </testcase> <!-- navigateToHomePage -->
</testsuite> <!-- Browse flow -->
