<?xml version="1.0" encoding="UTF-8"?>
<!-- Generated by org.testng.reporters.JUnitXMLReporter -->
<testsuite ignored="1" hostname="Vinuthas-MacBook-Pro.local" failures="0" tests="4" name="checkout flow" time="0.028" errors="0" timestamp="2022-12-15T07:36:49 IST">
  <testcase classname="TestNG.CheckoutJourney" name="addAddress" time="0.0"/>
  <testcase classname="TestNG.CheckoutJourney" name="makePayment" time="0.0"/>
  <testcase classname="TestNG.CheckoutJourney" name="orderConfirmationEmail" time="0.0"/>
  <testcase classname="TestNG.CheckoutJourney" name="selectShippingMethod" time="0.0"/>
  <testcase classname="TestNG.CheckoutJourney" name="verifyOrderConfirmationPage" time="0.0">
    <ignored/>
  </testcase> <!-- verifyOrderConfirmationPage -->
</testsuite> <!-- checkout flow -->
